<?xml version="1.0" encoding="UTF-8"?>
<!-- Generated by org.testng.reporters.JUnitReportReporter -->
<testsuite hostname="LAPTOP-8C3FM8F8" failures="0" tests="3" name="Assignment.Practice.AppTest" time="19.755" errors="0" timestamp="2024-03-09T20:34:51 IST" skipped="0">
  <testcase classname="Assignment.Practice.AppTest" name="loginTest" time="4.068"/>
  <testcase classname="Assignment.Practice.AppTest" name="openBrowser" time="7.438"/>
  <testcase classname="Assignment.Practice.AppTest" name="loginTest" time="8.249"/>
</testsuite> <!-- Assignment.Practice.AppTest -->
